#-----------------------------------------------------------
# Vivado v2016.2 (64-bit)
# SW Build 1577090 on Thu Jun  2 16:32:40 MDT 2016
# IP Build 1577682 on Fri Jun  3 12:00:54 MDT 2016
# Start of session at: Wed Oct 09 16:12:39 2019
# Process ID: 3216
# Current directory: I:/ac701_SAC
# Command line: vivado.exe -gui_launcher_event rodinguilauncherevent652 I:\ac701_SAC\mac_ip_example.xpr
# Log file: I:/ac701_SAC/vivado.log
# Journal file: I:/ac701_SAC\vivado.jou
#-----------------------------------------------------------
start_gui
open_project I:/ac701_SAC/mac_ip_example.xpr
Scanning sources...
Finished scanning sources
INFO: [IP_Flow 19-234] Refreshing IP repositories
INFO: [IP_Flow 19-1704] No user IP repositories specified
INFO: [IP_Flow 19-2313] Loaded Vivado IP repository 'C:/Xilinx/Vivado/2016.2/data/ip'.
open_project: Time (s): cpu = 00:00:40 ; elapsed = 00:00:51 . Memory (MB): peak = 869.008 ; gain = 241.434
update_compile_order -fileset sources_1
exit
INFO: [Common 17-206] Exiting Vivado at Wed Oct 09 21:43:14 2019...
