#-----------------------------------------------------------
# Vivado v2016.2 (64-bit)
# SW Build 1577090 on Thu Jun  2 16:32:40 MDT 2016
# IP Build 1577682 on Fri Jun  3 12:00:54 MDT 2016
# Start of session at: Fri Nov 15 13:10:02 2019
# Process ID: 2028
# Current directory: I:/ac701_SAC
# Command line: vivado.exe -gui_launcher_event rodinguilauncherevent3124 I:\ac701_SAC\mac_ip_example.xpr
# Log file: I:/ac701_SAC/vivado.log
# Journal file: I:/ac701_SAC\vivado.jou
#-----------------------------------------------------------
start_gui
open_project I:/ac701_SAC/mac_ip_example.xpr
Scanning sources...
Finished scanning sources
INFO: [IP_Flow 19-234] Refreshing IP repositories
INFO: [IP_Flow 19-1704] No user IP repositories specified
INFO: [IP_Flow 19-2313] Loaded Vivado IP repository 'C:/Xilinx/Vivado/2016.2/data/ip'.
open_project: Time (s): cpu = 00:00:45 ; elapsed = 00:00:48 . Memory (MB): peak = 924.148 ; gain = 267.641
update_compile_order -fileset sources_1
reset_run synth_1
launch_runs impl_1 -to_step write_bitstream -jobs 2
INFO: [Vivado 12-4149] The synthesis checkpoint for IP 'I:/ac701_SAC/mac_ip_example.srcs/sources_1/ip/mac_ip/mac_ip.xci' is already up-to-date
[Fri Nov 15 13:30:39 2019] Launched synth_1...
Run output will be captured here: I:/ac701_SAC/mac_ip_example.runs/synth_1/runme.log
[Fri Nov 15 13:30:39 2019] Launched impl_1...
Run output will be captured here: I:/ac701_SAC/mac_ip_example.runs/impl_1/runme.log
reset_run synth_1
launch_runs impl_1 -to_step write_bitstream -jobs 2
INFO: [Vivado 12-4149] The synthesis checkpoint for IP 'I:/ac701_SAC/mac_ip_example.srcs/sources_1/ip/mac_ip/mac_ip.xci' is already up-to-date
[Fri Nov 15 14:38:38 2019] Launched synth_1...
Run output will be captured here: I:/ac701_SAC/mac_ip_example.runs/synth_1/runme.log
[Fri Nov 15 14:38:38 2019] Launched impl_1...
Run output will be captured here: I:/ac701_SAC/mac_ip_example.runs/impl_1/runme.log
reset_run synth_1
launch_runs impl_1 -to_step write_bitstream -jobs 2
INFO: [Vivado 12-4149] The synthesis checkpoint for IP 'I:/ac701_SAC/mac_ip_example.srcs/sources_1/ip/mac_ip/mac_ip.xci' is already up-to-date
[Fri Nov 15 15:23:15 2019] Launched synth_1...
Run output will be captured here: I:/ac701_SAC/mac_ip_example.runs/synth_1/runme.log
[Fri Nov 15 15:23:15 2019] Launched impl_1...
Run output will be captured here: I:/ac701_SAC/mac_ip_example.runs/impl_1/runme.log
exit
INFO: [Common 17-206] Exiting Vivado at Fri Nov 15 17:00:16 2019...
