Exception at PC 0x000007FEC61DBB93
Printing stacktrace...

Exception at PC 0x000007FEFD87AA7D
Exception at PC 0x000007FEFD87AA7D
Exception at PC 0x000007FEFD87AA7D
Exception at PC 0x000007FEFD87AA7D
Exception at PC 0x000007FEFD87AA7D
Exception at PC 0x000007FEFD87AA7D
Exception at PC 0x000007FEFD87AA7D
Exception at PC 0x000007FEFD87AA7D
Exception at PC 0x000007FEFD87AA7D
Exception at PC 0x000007FEFD87AA7D
Exception at PC 0x000007FEFD87AA7D
Exception at PC 0x000007FEFD87AA7D
Exception at PC 0x000007FEFD87AA7D
Exception at PC 0x000007FEFD87AA7D
[0]  [0x000007FEC61DBB93]
[1]  [0x000007FEC61DBB93]
[2]  [0x000007FEC61DB4A1]
[3]  [0x000007FEC61DB3EF]
[4]  [0x000007FEC61C19FE]
[5]  [0x000007FEC61C0ED1]
[6]  [0x000007FEC61C0D76]
[7]  [0x000007FEC61679F6]
[8]  [0x000007FEC6157AFB]
[9]  [0x000007FEC627E90A]
[10]  [0x000007FEC6299F87]
[11]  [0x000007FEC629A05F]
[12] (BaseThreadInitThunk+0xd) [0x00000000775CF56D]
[13] (RtlUserThreadStart+0x21) [0x0000000077703021]
Done
Exception at PC 0x000007FEFD87AA7D
Exception at PC 0x000007FEFD87AA7D
Exception at PC 0x000007FEFD87AA7D
Exception at PC 0x000007FEFD87AA7D
