INFO: [VRFC 10-163] Analyzing VHDL file "C:/Xilinx/Vivado/2016.2/data/ip/xpm/xpm_VCOMP.vhd" into library xpm
INFO: [VRFC 10-163] Analyzing VHDL file "E:/ac701_SAC/mac_ip_example.srcs/sources_1/imports/mac_ip/example_design/fifo/mac_ip_bram_tdp.vhd" into library xil_defaultlib
INFO: [VRFC 10-307] analyzing entity mac_ip_bram_tdp
INFO: [VRFC 10-163] Analyzing VHDL file "E:/ac701_SAC/mac_ip_example.srcs/sources_1/imports/mac_ip/example_design/common/mac_ip_sync_block.vhd" into library xil_defaultlib
INFO: [VRFC 10-307] analyzing entity mac_ip_sync_block
INFO: [VRFC 10-163] Analyzing VHDL file "E:/ac701_SAC/mac_ip_example.srcs/sources_1/imports/mac_ip/example_design/common/mac_ip_reset_sync.vhd" into library xil_defaultlib
INFO: [VRFC 10-307] analyzing entity mac_ip_reset_sync
INFO: [VRFC 10-163] Analyzing VHDL file "E:/ac701_SAC/mac_ip_example.ip_user_files/ipstatic/fifo_generator_v13_1_1/hdl/fifo_generator_v13_1_rfs.vhd" into library fifo_generator_v13_1_1
INFO: [VRFC 10-307] analyzing entity input_blk
INFO: [VRFC 10-307] analyzing entity output_blk
INFO: [VRFC 10-307] analyzing entity shft_wrapper
INFO: [VRFC 10-307] analyzing entity shft_ram
INFO: [VRFC 10-307] analyzing entity wr_pf_as
INFO: [VRFC 10-307] analyzing entity wr_pf_ss
INFO: [VRFC 10-307] analyzing entity rd_pe_as
INFO: [VRFC 10-307] analyzing entity rd_pe_ss
INFO: [VRFC 10-307] analyzing entity synchronizer_ff
INFO: [VRFC 10-307] analyzing entity delay
INFO: [VRFC 10-307] analyzing entity bin_cntr
INFO: [VRFC 10-307] analyzing entity clk_x_pntrs_builtin
INFO: [VRFC 10-307] analyzing entity logic_builtin
INFO: [VRFC 10-307] analyzing entity builtin_prim
INFO: [VRFC 10-307] analyzing entity builtin_extdepth
INFO: [VRFC 10-307] analyzing entity builtin_top
INFO: [VRFC 10-307] analyzing entity reset_builtin
INFO: [VRFC 10-307] analyzing entity builtin_prim_v6
INFO: [VRFC 10-307] analyzing entity builtin_extdepth_v6
INFO: [VRFC 10-307] analyzing entity builtin_extdepth_low_latency
INFO: [VRFC 10-307] analyzing entity builtin_top_v6
INFO: [VRFC 10-307] analyzing entity fifo_generator_v13_1_1_builtin
INFO: [VRFC 10-307] analyzing entity bram_sync_reg
INFO: [VRFC 10-307] analyzing entity bram_fifo_rstlogic
INFO: [VRFC 10-307] analyzing entity reset_blk_ramfifo
INFO: [VRFC 10-307] analyzing entity axi_reg_slice
INFO: [VRFC 10-307] analyzing entity fifo_generator_top
INFO: [VRFC 10-307] analyzing entity fifo_generator_v13_1_1_synth
INFO: [VRFC 10-163] Analyzing VHDL file "E:/ac701_SAC/mac_ip_example.srcs/sources_1/imports/mac_ip/example_design/fifo/mac_ip_tx_client_fifo.vhd" into library xil_defaultlib
INFO: [VRFC 10-307] analyzing entity mac_ip_tx_client_fifo
INFO: [VRFC 10-163] Analyzing VHDL file "E:/ac701_SAC/mac_ip_example.srcs/sources_1/imports/mac_ip/example_design/support/mac_ip_support_resets.vhd" into library xil_defaultlib
INFO: [VRFC 10-307] analyzing entity mac_ip_support_resets
INFO: [VRFC 10-163] Analyzing VHDL file "E:/ac701_SAC/mac_ip_example.srcs/sources_1/imports/mac_ip/example_design/support/mac_ip_support_clocking.vhd" into library xil_defaultlib
INFO: [VRFC 10-307] analyzing entity mac_ip_support_clocking
INFO: [VRFC 10-163] Analyzing VHDL file "E:/ac701_SAC/mac_ip_example.srcs/sources_1/imports/mac_ip/example_design/fifo/mac_ip_rx_client_fifo.vhd" into library xil_defaultlib
INFO: [VRFC 10-307] analyzing entity mac_ip_rx_client_fifo
INFO: [VRFC 10-163] Analyzing VHDL file "E:/ac701_SAC/mac_ip_example.ip_user_files/ipstatic/xbip_utils_v3_0_6/hdl/xbip_utils_v3_0_vh_rfs.vhd" into library xbip_utils_v3_0_6
INFO: [VRFC 10-163] Analyzing VHDL file "E:/ac701_SAC/mac_ip_example.ip_user_files/ipstatic/xbip_pipe_v3_0_2/hdl/xbip_pipe_v3_0_vh_rfs.vhd" into library xbip_pipe_v3_0_2
INFO: [VRFC 10-307] analyzing entity xbip_pipe_v3_0_2_viv
INFO: [VRFC 10-163] Analyzing VHDL file "E:/ac701_SAC/mac_ip_example.ip_user_files/ipstatic/xbip_pipe_v3_0_2/hdl/xbip_pipe_v3_0.vhd" into library xbip_pipe_v3_0_2
INFO: [VRFC 10-307] analyzing entity xbip_pipe_v3_0_2
INFO: [VRFC 10-163] Analyzing VHDL file "E:/ac701_SAC/mac_ip_example.ip_user_files/ipstatic/xbip_bram18k_v3_0_2/hdl/xbip_bram18k_v3_0_vh_rfs.vhd" into library xbip_bram18k_v3_0_2
INFO: [VRFC 10-307] analyzing entity xbip_bram18k_synth
INFO: [VRFC 10-307] analyzing entity xbip_bram18k_rtl
INFO: [VRFC 10-307] analyzing entity xbip_bram18k_v3_0_2_viv
INFO: [VRFC 10-163] Analyzing VHDL file "E:/ac701_SAC/mac_ip_example.ip_user_files/ipstatic/xbip_bram18k_v3_0_2/hdl/xbip_bram18k_v3_0.vhd" into library xbip_bram18k_v3_0_2
INFO: [VRFC 10-307] analyzing entity xbip_bram18k_v3_0_2
INFO: [VRFC 10-163] Analyzing VHDL file "E:/ac701_SAC/mac_ip_example.ip_user_files/ipstatic/mult_gen_v12_0_11/hdl/mult_gen_v12_0_vh_rfs.vhd" into library mult_gen_v12_0_11
INFO: [VRFC 10-307] analyzing entity op_resize
INFO: [VRFC 10-307] analyzing entity delay_line
INFO: [VRFC 10-307] analyzing entity cc_compare
INFO: [VRFC 10-307] analyzing entity luts
INFO: [VRFC 10-307] analyzing entity mult18
INFO: [VRFC 10-307] analyzing entity dsp
INFO: [VRFC 10-307] analyzing entity hybrid
INFO: [VRFC 10-307] analyzing entity ccm_dist_mem
INFO: [VRFC 10-307] analyzing entity ccm_sp_block_mem
INFO: [VRFC 10-307] analyzing entity ccm_dp_block_mem
INFO: [VRFC 10-307] analyzing entity ccm_syncmem
INFO: [VRFC 10-307] analyzing entity ccm_scaled_adder
INFO: [VRFC 10-307] analyzing entity ccm_operation
INFO: [VRFC 10-307] analyzing entity ccm
INFO: [VRFC 10-307] analyzing entity three_input_adder
INFO: [VRFC 10-307] analyzing entity multmxn_lut6
INFO: [VRFC 10-307] analyzing entity mult_gen_v12_0_11_viv
INFO: [VRFC 10-163] Analyzing VHDL file "E:/ac701_SAC/mac_ip_example.ip_user_files/ipstatic/mult_gen_v12_0_11/hdl/mult_gen_v12_0.vhd" into library mult_gen_v12_0_11
INFO: [VRFC 10-307] analyzing entity mult_gen_v12_0_11
INFO: [VRFC 10-163] Analyzing VHDL file "E:/ac701_SAC/mac_ip_example.ip_user_files/ipstatic/axi_lite_ipif_v3_0_4/hdl/src/vhdl/ipif_pkg.vhd" into library axi_lite_ipif_v3_0_4
INFO: [VRFC 10-163] Analyzing VHDL file "E:/ac701_SAC/mac_ip_example.ip_user_files/ipstatic/axi_lite_ipif_v3_0_4/hdl/src/vhdl/pselect_f.vhd" into library axi_lite_ipif_v3_0_4
INFO: [VRFC 10-307] analyzing entity pselect_f
INFO: [VRFC 10-163] Analyzing VHDL file "E:/ac701_SAC/mac_ip_example.ip_user_files/ipstatic/axi_lite_ipif_v3_0_4/hdl/src/vhdl/address_decoder.vhd" into library axi_lite_ipif_v3_0_4
INFO: [VRFC 10-307] analyzing entity address_decoder
INFO: [VRFC 10-163] Analyzing VHDL file "E:/ac701_SAC/mac_ip_example.ip_user_files/ipstatic/axi_lite_ipif_v3_0_4/hdl/src/vhdl/slave_attachment.vhd" into library axi_lite_ipif_v3_0_4
INFO: [VRFC 10-307] analyzing entity slave_attachment
INFO: [VRFC 10-163] Analyzing VHDL file "E:/ac701_SAC/mac_ip_example.ip_user_files/ipstatic/axi_lite_ipif_v3_0_4/hdl/src/vhdl/axi_lite_ipif.vhd" into library axi_lite_ipif_v3_0_4
INFO: [VRFC 10-307] analyzing entity axi_lite_ipif
INFO: [VRFC 10-163] Analyzing VHDL file "E:/ac701_SAC/mac_ip_example.ip_user_files/ipstatic/tri_mode_ethernet_mac_v9_0_5/hdl/tri_mode_ethernet_mac_v9_0_rfs.vhd" into library tri_mode_ethernet_mac_v9_0_5
INFO: [VRFC 10-307] analyzing entity gen_pulse8k
INFO: [VRFC 10-307] analyzing entity CC8CE
INFO: [VRFC 10-307] analyzing entity CC2CE
INFO: [VRFC 10-307] analyzing entity CRC32_8
INFO: [VRFC 10-307] analyzing entity CRC_64_32
INFO: [VRFC 10-307] analyzing entity tri_mode_ethernet_mac_v9_0_5_sync_reset
INFO: [VRFC 10-307] analyzing entity tri_mode_ethernet_mac_v9_0_5_sync_block
INFO: [VRFC 10-307] analyzing entity TX_PRBS
INFO: [VRFC 10-307] analyzing entity TX_RAND_GEN
INFO: [VRFC 10-307] analyzing entity TX_STATE_MACH
INFO: [VRFC 10-307] analyzing entity TX_BURST_STATE_MACH
INFO: [VRFC 10-307] analyzing entity TX_DEFERENCE_STATE_MACH
INFO: [VRFC 10-307] analyzing entity tri_mode_ethernet_mac_v9_0_5_tx
INFO: [VRFC 10-307] analyzing entity STATE_MACHINES
INFO: [VRFC 10-307] analyzing entity DECODE_FRAME
INFO: [VRFC 10-307] analyzing entity PARAM_CHECK
INFO: [VRFC 10-307] analyzing entity tri_mode_ethernet_mac_v9_0_5_rx
INFO: [VRFC 10-307] analyzing entity increment_controller
INFO: [VRFC 10-307] analyzing entity pre_accumulator
INFO: [VRFC 10-307] analyzing entity tri_mode_ethernet_mac_v9_0_5_statistics_core
INFO: [VRFC 10-163] Analyzing VHDL file "E:/ac701_SAC/mac_ip_example.srcs/sources_1/ip/mac_ip/synth/common/mac_ip_block_sync_block.vhd" into library xil_defaultlib
INFO: [VRFC 10-307] analyzing entity mac_ip_block_sync_block
INFO: [VRFC 10-163] Analyzing VHDL file "E:/ac701_SAC/mac_ip_example.srcs/sources_1/ip/mac_ip/synth/axi_ipif/mac_ip_axi4_lite_ipif_wrapper.vhd" into library xil_defaultlib
INFO: [VRFC 10-307] analyzing entity mac_ip_axi4_lite_ipif_wrapper
INFO: [VRFC 10-163] Analyzing VHDL file "E:/ac701_SAC/mac_ip_example.srcs/sources_1/ip/mac_ip/synth/physical/mac_ip_rgmii_v2_0_if.vhd" into library xil_defaultlib
INFO: [VRFC 10-307] analyzing entity mac_ip_rgmii_v2_0_if
INFO: [VRFC 10-163] Analyzing VHDL file "E:/ac701_SAC/mac_ip_example.srcs/sources_1/ip/mac_ip/synth/mac_ip_block.vhd" into library xil_defaultlib
INFO: [VRFC 10-307] analyzing entity mac_ip_block
INFO: [VRFC 10-163] Analyzing VHDL file "E:/ac701_SAC/mac_ip_example.srcs/sources_1/ip/mac_ip/synth/mac_ip.vhd" into library xil_defaultlib
INFO: [VRFC 10-307] analyzing entity mac_ip
INFO: [VRFC 10-163] Analyzing VHDL file "E:/ac701_SAC/mac_ip_example.srcs/sources_1/imports/rtl_files/uart_rx_ctl.vhd" into library xil_defaultlib
INFO: [VRFC 10-307] analyzing entity uart_rx_ctl
INFO: [VRFC 10-163] Analyzing VHDL file "E:/ac701_SAC/mac_ip_example.srcs/sources_1/imports/rtl_files/uart_baud_gen.vhd" into library xil_defaultlib
INFO: [VRFC 10-307] analyzing entity uart_baud_gen
INFO: [VRFC 10-163] Analyzing VHDL file "E:/ac701_SAC/mac_ip_example.srcs/sources_1/imports/rtl_files/TRp_pulse.vhd" into library xil_defaultlib
INFO: [VRFC 10-307] analyzing entity trp_pulse
INFO: [VRFC 10-163] Analyzing VHDL file "E:/ac701_SAC/mac_ip_example.srcs/sources_1/imports/rtl_files/Trig_pulse_gen.vhd" into library xil_defaultlib
INFO: [VRFC 10-307] analyzing entity Trig_Pulse_gen
INFO: [VRFC 10-163] Analyzing VHDL file "E:/ac701_SAC/mac_ip_example.srcs/sources_1/imports/rtl_files/RF1_Pulse.vhd" into library xil_defaultlib
INFO: [VRFC 10-307] analyzing entity RF1_Pulse
INFO: [VRFC 10-163] Analyzing VHDL file "E:/ac701_SAC/mac_ip_example.srcs/sources_1/imports/rtl_files/ref_p.vhd" into library xil_defaultlib
INFO: [VRFC 10-307] analyzing entity ref_p
INFO: [VRFC 10-163] Analyzing VHDL file "E:/ac701_SAC/mac_ip_example.srcs/sources_1/imports/rtl_files/psu_on_0ff_100ms.vhd" into library xil_defaultlib
INFO: [VRFC 10-307] analyzing entity psu_on_off_100ms
INFO: [VRFC 10-163] Analyzing VHDL file "E:/ac701_SAC/mac_ip_example.srcs/sources_1/imports/mac_ip/example_design/fifo/mac_ip_ten_100_1g_eth_fifo.vhd" into library xil_defaultlib
INFO: [VRFC 10-307] analyzing entity mac_ip_ten_100_1g_eth_fifo
INFO: [VRFC 10-163] Analyzing VHDL file "E:/ac701_SAC/mac_ip_example.srcs/sources_1/imports/mac_ip/example_design/support/mac_ip_support.vhd" into library xil_defaultlib
INFO: [VRFC 10-307] analyzing entity mac_ip_support
INFO: [VRFC 10-163] Analyzing VHDL file "E:/ac701_SAC/mac_ip_example.srcs/sources_1/imports/mac_ip/example_design/mac_ip_clk_wiz.vhd" into library xil_defaultlib
INFO: [VRFC 10-307] analyzing entity mac_ip_clk_wiz
INFO: [VRFC 10-163] Analyzing VHDL file "E:/ac701_SAC/mac_ip_example.srcs/sources_1/imports/rtl_files/UART_MAC_SCHEDULER.vhd" into library xil_defaultlib
INFO: [VRFC 10-307] analyzing entity rx_info_schd
INFO: [VRFC 10-163] Analyzing VHDL file "E:/ac701_SAC/mac_ip_example.srcs/sources_1/new/pcpu_gen.vhd" into library xil_defaultlib
INFO: [VRFC 10-307] analyzing entity pcpu_gen
INFO: [VRFC 10-163] Analyzing VHDL file "E:/ac701_SAC/mac_ip_example.srcs/sources_1/imports/rtl_files/meta_harden.vhd" into library xil_defaultlib
INFO: [VRFC 10-307] analyzing entity meta_harden
INFO: [VRFC 10-163] Analyzing VHDL file "E:/ac701_SAC/mac_ip_example.srcs/sources_1/imports/rtl_files/UART_MAC_TOP.vhd" into library xil_defaultlib
INFO: [VRFC 10-307] analyzing entity UART_MAC_TOP
INFO: [VRFC 10-163] Analyzing VHDL file "E:/ac701_SAC/mac_ip_example.srcs/sources_1/imports/rtl_files/tx2.vhd" into library xil_defaultlib
INFO: [VRFC 10-307] analyzing entity tx2
INFO: [VRFC 10-163] Analyzing VHDL file "E:/ac701_SAC/mac_ip_example.srcs/sources_1/imports/rtl_files/sel_clk_Mod.vhd" into library xil_defaultlib
INFO: [VRFC 10-307] analyzing entity sel_clk_Mod
INFO: [VRFC 10-163] Analyzing VHDL file "E:/ac701_SAC/mac_ip_example.srcs/sources_1/imports/rtl_files/reset_generator.vhd" into library xil_defaultlib
INFO: [VRFC 10-307] analyzing entity reset_generator
INFO: [VRFC 10-163] Analyzing VHDL file "E:/ac701_SAC/mac_ip_example.srcs/sources_1/imports/rtl_files/pulse_dist.vhd" into library xil_defaultlib
INFO: [VRFC 10-307] analyzing entity pulse_dist
INFO: [VRFC 10-163] Analyzing VHDL file "E:/ac701_SAC/mac_ip_example.srcs/sources_1/imports/mac_ip/example_design/mac_ip_fifo_block.vhd" into library xil_defaultlib
INFO: [VRFC 10-307] analyzing entity mac_ip_fifo_block
INFO: [VRFC 10-163] Analyzing VHDL file "E:/ac701_SAC/mac_ip_example.srcs/sources_1/imports/mac_ip/example_design/mac_ip_example_design_resets.vhd" into library xil_defaultlib
INFO: [VRFC 10-307] analyzing entity mac_ip_example_design_resets
INFO: [VRFC 10-163] Analyzing VHDL file "E:/ac701_SAC/mac_ip_example.srcs/sources_1/imports/mac_ip/example_design/axi_lite_sm/mac_ip_axi_lite_sm.vhd" into library xil_defaultlib
INFO: [VRFC 10-307] analyzing entity mac_ip_axi_lite_sm
INFO: [VRFC 10-163] Analyzing VHDL file "E:/ac701_SAC/mac_ip_example.srcs/sources_1/imports/rtl_files/DUT_signal_modle.vhd" into library xil_defaultlib
INFO: [VRFC 10-307] analyzing entity DUT_signal_modle
INFO: [VRFC 10-163] Analyzing VHDL file "E:/ac701_SAC/mac_ip_example.srcs/sources_1/imports/mac_ip/example_design/mac_ip_example_design_clocks.vhd" into library xil_defaultlib
INFO: [VRFC 10-307] analyzing entity mac_ip_example_design_clocks
INFO: [VRFC 10-163] Analyzing VHDL file "E:/ac701_SAC/mac_ip_example.srcs/sources_1/new/pcpu_status_gen.vhd" into library xil_defaultlib
INFO: [VRFC 10-307] analyzing entity pcpu_status_gen
INFO: [VRFC 10-163] Analyzing VHDL file "E:/ac701_SAC/mac_ip_example.srcs/sources_1/imports/rtl_files/UART_MAC_Bridge_Top.vhd" into library xil_defaultlib
INFO: [VRFC 10-307] analyzing entity UART_MAC_BRIDGE_TOP
INFO: [VRFC 10-163] Analyzing VHDL file "E:/ac701_SAC/mac_ip_example.srcs/sources_1/imports/rtl_files/tx_u.vhd" into library xil_defaultlib
INFO: [VRFC 10-307] analyzing entity tx_u
INFO: [VRFC 10-163] Analyzing VHDL file "E:/ac701_SAC/mac_ip_example.srcs/sources_1/imports/rtl_files/tx_9_6K.vhd" into library xil_defaultlib
INFO: [VRFC 10-307] analyzing entity tx_9_6K
INFO: [VRFC 10-163] Analyzing VHDL file "E:/ac701_SAC/mac_ip_example.srcs/sources_1/imports/rtl_files/trp_self_gen.vhd" into library xil_defaultlib
INFO: [VRFC 10-307] analyzing entity trp_self_gen
INFO: [VRFC 10-163] Analyzing VHDL file "E:/ac701_SAC/mac_ip_example.srcs/sources_1/imports/rtl_files/reset_self_gen.vhd" into library xil_defaultlib
INFO: [VRFC 10-307] analyzing entity reset_self_gen
INFO: [VRFC 10-163] Analyzing VHDL file "E:/ac701_SAC/mac_ip_example.srcs/sources_1/imports/rtl_files/psu_on_off_self_data.vhd" into library xil_defaultlib
INFO: [VRFC 10-307] analyzing entity psu_on_off_self_data
INFO: [VRFC 10-163] Analyzing VHDL file "E:/ac701_SAC/mac_ip_example.srcs/sources_1/imports/rtl_files/pkt.vhd" into library xil_defaultlib
INFO: [VRFC 10-307] analyzing entity packet_rx
INFO: [VRFC 10-163] Analyzing VHDL file "E:/ac701_SAC/mac_ip_example.srcs/sources_1/imports/rtl_files/Packet_Tx.vhd" into library xil_defaultlib
INFO: [VRFC 10-307] analyzing entity Packet_TX
INFO: [VRFC 10-163] Analyzing VHDL file "E:/ac701_SAC/mac_ip_example.srcs/sources_1/imports/new/eth_rgmii.vhd" into library xil_defaultlib
INFO: [VRFC 10-307] analyzing entity eth_rgmii
INFO: [VRFC 10-163] Analyzing VHDL file "E:/ac701_SAC/mac_ip_example.srcs/sources_1/imports/rtl_files/top.vhd" into library xil_defaultlib
INFO: [VRFC 10-307] analyzing entity top
INFO: [VRFC 10-163] Analyzing VHDL file "E:/ac701_SAC/mac_ip_example.srcs/sim_1/imports/mac_ip/simulation/demo_tb.vhd" into library xil_defaultlib
INFO: [VRFC 10-307] analyzing entity demo_tb
